time=2025-06-07T16:44:43.857+08:00 level=INFO msg="stock list size" size=2848
time=2025-06-07T16:44:43.857+08:00 level=INFO msg="Stock data loading started"
time=2025-06-07T16:44:43.859+08:00 level=INFO msg="DealStocksPointsByCode finished" code=sz.000001
time=2025-06-07T16:44:43.859+08:00 level=INFO msg="DealStocksSectionsByCode finished" code=sz.000001
time=2025-06-07T16:44:43.859+08:00 level=INFO msg="Stocks loaded" size=1
time=2025-06-07T16:44:43.859+08:00 level=INFO msg="cost time" elapsed=6.625807ms
time=2025-06-07T16:44:43.920+08:00 level=INFO msg="DealStocksPointsByCode finished" code=sz.000526
time=2025-06-07T16:44:43.920+08:00 level=INFO msg="DealStocksSectionsByCode finished" code=sz.000526
time=2025-06-07T16:44:43.932+08:00 level=INFO msg="DealStocksPointsByCode finished" code=sz.000603
time=2025-06-07T16:44:43.932+08:00 level=INFO msg="DealStocksSectionsByCode finished" code=sz.000603
time=2025-06-07T16:44:43.946+08:00 level=INFO msg="DealStocksPointsByCode finished" code=sh.600067
time=2025-06-07T16:44:43.946+08:00 level=INFO msg="DealStocksSectionsByCode finished" code=sh.600067
time=2025-06-07T16:44:43.954+08:00 level=INFO msg="DealStocksPointsByCode finished" code=sh.600340
time=2025-06-07T16:44:43.954+08:00 level=INFO msg="DealStocksSectionsByCode finished" code=sh.600340
time=2025-06-07T16:44:43.962+08:00 level=INFO msg="DealStocksPointsByCode finished" code=sz.002620
time=2025-06-07T16:44:43.962+08:00 level=INFO msg="DealStocksSectionsByCode finished" code=sz.002620
time=2025-06-07T16:44:43.970+08:00 level=INFO msg="DealStocksPointsByCode finished" code=sh.600418
time=2025-06-07T16:44:43.970+08:00 level=INFO msg="DealStocksSectionsByCode finished" code=sh.600418
time=2025-06-07T16:44:43.975+08:00 level=INFO msg="DealStocksPointsByCode finished" code=sh.600917
time=2025-06-07T16:44:43.975+08:00 level=INFO msg="DealStocksSectionsByCode finished" code=sh.600917
time=2025-06-07T16:44:43.978+08:00 level=INFO msg="DealStocksPointsByCode finished" code=sh.603367
time=2025-06-07T16:44:43.978+08:00 level=INFO msg="DealStocksSectionsByCode finished" code=sh.603367
time=2025-06-07T16:44:43.982+08:00 level=INFO msg="DealStocksPointsByCode finished" code=sh.603822
time=2025-06-07T16:44:43.982+08:00 level=INFO msg="DealStocksSectionsByCode finished" code=sh.603822
time=2025-06-07T16:44:43.991+08:00 level=INFO msg="DealStocksPointsByCode finished" code=sz.000001
time=2025-06-07T16:44:43.992+08:00 level=INFO msg="DealStocksSectionsByCode finished" code=sz.000001
time=2025-06-07T16:44:43.997+08:00 level=INFO msg="DealStocksPointsByCode finished" code=sz.000778
time=2025-06-07T16:44:43.997+08:00 level=INFO msg="DealStocksSectionsByCode finished" code=sz.000778
time=2025-06-07T16:44:44.005+08:00 level=INFO msg="DealStocksPointsByCode finished" code=sh.600201
time=2025-06-07T16:44:44.005+08:00 level=INFO msg="DealStocksSectionsByCode finished" code=sh.600201
time=2025-06-07T16:44:44.009+08:00 level=INFO msg="DealStocksPointsByCode finished" code=sh.600272
time=2025-06-07T16:44:44.009+08:00 level=INFO msg="DealStocksSectionsByCode finished" code=sh.600272
time=2025-06-07T16:44:44.018+08:00 level=INFO msg="DealStocksPointsByCode finished" code=sh.603010
time=2025-06-07T16:44:44.019+08:00 level=INFO msg="DealStocksSectionsByCode finished" code=sh.603010
time=2025-06-07T16:44:44.019+08:00 level=INFO msg="PaintStockKline finished"
time=2025-06-07T16:44:44.021+08:00 level=INFO msg="DealStocksPointsByCode finished" code=sh.603232
time=2025-06-07T16:44:44.021+08:00 level=INFO msg="DealStocksSectionsByCode finished" code=sh.603232
time=2025-06-07T16:44:44.023+08:00 level=INFO msg="DealStocksPointsByCode finished" code=sh.603585
time=2025-06-07T16:44:44.023+08:00 level=INFO msg="DealStocksSectionsByCode finished" code=sh.603585
time=2025-06-07T16:44:44.027+08:00 level=INFO msg="DealStocksPointsByCode finished" code=sz.000952
time=2025-06-07T16:44:44.027+08:00 level=INFO msg="DealStocksSectionsByCode finished" code=sz.000952
time=2025-06-07T16:44:44.029+08:00 level=INFO msg="DealStocksPointsByCode finished" code=sz.002018
time=2025-06-07T16:44:44.029+08:00 level=INFO msg="DealStocksSectionsByCode finished" code=sz.002018
time=2025-06-07T16:44:44.032+08:00 level=INFO msg="DealStocksPointsByCode finished" code=sz.002439
time=2025-06-07T16:44:44.032+08:00 level=INFO msg="DealStocksSectionsByCode finished" code=sz.002439
time=2025-06-07T16:44:44.035+08:00 level=INFO msg="DealStocksPointsByCode finished" code=sz.002743
time=2025-06-07T16:44:44.035+08:00 level=INFO msg="DealStocksSectionsByCode finished" code=sz.002743
time=2025-06-07T16:44:44.044+08:00 level=INFO msg="DealStocksPointsByCode finished" code=sz.002809
time=2025-06-07T16:44:44.044+08:00 level=INFO msg="DealStocksSectionsByCode finished" code=sz.002809
time=2025-06-07T16:44:44.048+08:00 level=INFO msg="DealStocksPointsByCode finished" code=sh.600131
time=2025-06-07T16:44:44.048+08:00 level=INFO msg="DealStocksSectionsByCode finished" code=sh.600131
time=2025-06-07T16:44:44.052+08:00 level=INFO msg="DealStocksPointsByCode finished" code=sh.600839
time=2025-06-07T16:44:44.052+08:00 level=INFO msg="DealStocksSectionsByCode finished" code=sh.600839
time=2025-06-07T16:44:44.054+08:00 level=INFO msg="DealStocksPointsByCode finished" code=sz.000868
time=2025-06-07T16:44:44.054+08:00 level=INFO msg="DealStocksSectionsByCode finished" code=sz.000868
time=2025-06-07T16:44:44.060+08:00 level=INFO msg="DealStocksPointsByCode finished" code=sz.002078
time=2025-06-07T16:44:44.060+08:00 level=INFO msg="DealStocksSectionsByCode finished" code=sz.002078
time=2025-06-07T16:44:44.063+08:00 level=INFO msg="DealStocksPointsByCode finished" code=sz.002138
time=2025-06-07T16:44:44.063+08:00 level=INFO msg="DealStocksSectionsByCode finished" code=sz.002138
time=2025-06-07T16:44:44.070+08:00 level=INFO msg="DealStocksPointsByCode finished" code=sz.002319
time=2025-06-07T16:44:44.070+08:00 level=INFO msg="DealStocksSectionsByCode finished" code=sz.002319
time=2025-06-07T16:44:44.083+08:00 level=INFO msg="DealStocksPointsByCode finished" code=sh.600506
time=2025-06-07T16:44:44.083+08:00 level=INFO msg="DealStocksSectionsByCode finished" code=sh.600506
time=2025-06-07T16:44:44.087+08:00 level=INFO msg="DealStocksPointsByCode finished" code=sh.601326
time=2025-06-07T16:44:44.087+08:00 level=INFO msg="DealStocksSectionsByCode finished" code=sh.601326
time=2025-06-07T16:44:44.091+08:00 level=INFO msg="DealStocksPointsByCode finished" code=sh.603105
time=2025-06-07T16:44:44.091+08:00 level=INFO msg="DealStocksSectionsByCode finished" code=sh.603105
time=2025-06-07T16:44:44.096+08:00 level=INFO msg="DealStocksPointsByCode finished" code=sz.000100
time=2025-06-07T16:44:44.097+08:00 level=INFO msg="DealStocksSectionsByCode finished" code=sz.000100
time=2025-06-07T16:44:44.103+08:00 level=INFO msg="DealStocksPointsByCode finished" code=sz.002379
time=2025-06-07T16:44:44.103+08:00 level=INFO msg="DealStocksSectionsByCode finished" code=sz.002379
time=2025-06-07T16:44:44.108+08:00 level=INFO msg="DealStocksPointsByCode finished" code=sz.002939
time=2025-06-07T16:44:44.108+08:00 level=INFO msg="DealStocksSectionsByCode finished" code=sz.002939
time=2025-06-07T16:44:44.126+08:00 level=INFO msg="DealStocksPointsByCode finished" code=sh.600576
time=2025-06-07T16:44:44.127+08:00 level=INFO msg="DealStocksSectionsByCode finished" code=sh.600576
time=2025-06-07T16:44:44.134+08:00 level=INFO msg="DealStocksPointsByCode finished" code=sh.601021
time=2025-06-07T16:44:44.134+08:00 level=INFO msg="DealStocksSectionsByCode finished" code=sh.601021
time=2025-06-07T16:44:44.137+08:00 level=INFO msg="DealStocksPointsByCode finished" code=sz.000687
time=2025-06-07T16:44:44.137+08:00 level=INFO msg="DealStocksSectionsByCode finished" code=sz.000687
time=2025-06-07T16:44:44.142+08:00 level=INFO msg="DealStocksPointsByCode finished" code=sz.002259
time=2025-06-07T16:44:44.142+08:00 level=INFO msg="DealStocksSectionsByCode finished" code=sz.002259
time=2025-06-07T16:44:44.147+08:00 level=INFO msg="DealStocksPointsByCode finished" code=sz.002499
time=2025-06-07T16:44:44.147+08:00 level=INFO msg="DealStocksSectionsByCode finished" code=sz.002499
time=2025-06-07T16:44:44.155+08:00 level=INFO msg="DealStocksPointsByCode finished" code=sz.002873
time=2025-06-07T16:44:44.155+08:00 level=INFO msg="DealStocksSectionsByCode finished" code=sz.002873
time=2025-06-07T16:44:44.161+08:00 level=INFO msg="DealStocksPointsByCode finished" code=sh.600642
time=2025-06-07T16:44:44.162+08:00 level=INFO msg="DealStocksSectionsByCode finished" code=sh.600642
time=2025-06-07T16:44:44.165+08:00 level=INFO msg="DealStocksPointsByCode finished" code=sh.600773
time=2025-06-07T16:44:44.165+08:00 level=INFO msg="DealStocksSectionsByCode finished" code=sh.600773
time=2025-06-07T16:44:44.170+08:00 level=INFO msg="DealStocksPointsByCode finished" code=sh.603939
time=2025-06-07T16:44:44.170+08:00 level=INFO msg="DealStocksSectionsByCode finished" code=sh.603939
time=2025-06-07T16:44:44.173+08:00 level=INFO msg="DealStocksPointsByCode finished" code=sz.002198
time=2025-06-07T16:44:44.173+08:00 level=INFO msg="DealStocksSectionsByCode finished" code=sz.002198
time=2025-06-07T16:44:44.176+08:00 level=INFO msg="DealStocksPointsByCode finished" code=sz.002560
time=2025-06-07T16:44:44.176+08:00 level=INFO msg="DealStocksSectionsByCode finished" code=sz.002560
time=2025-06-07T16:44:44.178+08:00 level=INFO msg="DealStocksPointsByCode finished" code=sz.002680
time=2025-06-07T16:44:44.178+08:00 level=INFO msg="DealStocksSectionsByCode finished" code=sz.002680
time=2025-06-07T16:44:44.181+08:00 level=INFO msg="DealStocksPointsByCode finished" code=sh.600710
time=2025-06-07T16:44:44.181+08:00 level=INFO msg="DealStocksSectionsByCode finished" code=sh.600710
time=2025-06-07T16:44:44.184+08:00 level=INFO msg="DealStocksPointsByCode finished" code=sh.601800
time=2025-06-07T16:44:44.184+08:00 level=INFO msg="DealStocksSectionsByCode finished" code=sh.601800
time=2025-06-07T16:44:44.186+08:00 level=INFO msg="DealStocksPointsByCode finished" code=sh.603690
time=2025-06-07T16:44:44.186+08:00 level=INFO msg="DealStocksSectionsByCode finished" code=sh.603690
time=2025-06-07T16:44:44.186+08:00 level=INFO msg="Stocks loaded" size=48
time=2025-06-07T16:44:44.187+08:00 level=INFO msg="cost time" elapsed=329.478723ms
time=2025-06-07T16:47:09.395+08:00 level=INFO msg="stock list size" size=2848
time=2025-06-07T16:47:09.395+08:00 level=INFO msg="Stock data loading started"
time=2025-06-07T16:47:09.398+08:00 level=INFO msg="DealStocksPointsByCode finished" code=sz.000001
time=2025-06-07T16:47:09.398+08:00 level=INFO msg="DealStocksSectionsByCode finished" code=sz.000001
time=2025-06-07T16:47:09.398+08:00 level=INFO msg="Stocks loaded" size=1
time=2025-06-07T16:47:09.398+08:00 level=INFO msg="cost time" elapsed=5.216732ms
time=2025-06-07T16:47:09.401+08:00 level=INFO msg="DealStocksPointsByCode finished" code=sh.601326
time=2025-06-07T16:47:09.401+08:00 level=INFO msg="DealStocksSectionsByCode finished" code=sh.601326
time=2025-06-07T16:47:09.404+08:00 level=INFO msg="DealStocksPointsByCode finished" code=sh.603105
time=2025-06-07T16:47:09.404+08:00 level=INFO msg="DealStocksSectionsByCode finished" code=sh.603105
time=2025-06-07T16:47:09.411+08:00 level=INFO msg="DealStocksPointsByCode finished" code=sz.002620
time=2025-06-07T16:47:09.412+08:00 level=INFO msg="DealStocksSectionsByCode finished" code=sz.002620
time=2025-06-07T16:47:09.418+08:00 level=INFO msg="DealStocksPointsByCode finished" code=sz.002743
time=2025-06-07T16:47:09.418+08:00 level=INFO msg="DealStocksSectionsByCode finished" code=sz.002743
time=2025-06-07T16:47:09.425+08:00 level=INFO msg="DealStocksPointsByCode finished" code=sh.600201
time=2025-06-07T16:47:09.425+08:00 level=INFO msg="DealStocksSectionsByCode finished" code=sh.600201
time=2025-06-07T16:47:09.430+08:00 level=INFO msg="DealStocksPointsByCode finished" code=sh.600710
time=2025-06-07T16:47:09.430+08:00 level=INFO msg="DealStocksSectionsByCode finished" code=sh.600710
time=2025-06-07T16:47:09.436+08:00 level=INFO msg="DealStocksPointsByCode finished" code=sz.002379
time=2025-06-07T16:47:09.436+08:00 level=INFO msg="DealStocksSectionsByCode finished" code=sz.002379
time=2025-06-07T16:47:09.440+08:00 level=INFO msg="DealStocksPointsByCode finished" code=sh.600340
time=2025-06-07T16:47:09.440+08:00 level=INFO msg="DealStocksSectionsByCode finished" code=sh.600340
time=2025-06-07T16:47:09.452+08:00 level=INFO msg="DealStocksPointsByCode finished" code=sh.600642
time=2025-06-07T16:47:09.452+08:00 level=INFO msg="DealStocksSectionsByCode finished" code=sh.600642
time=2025-06-07T16:47:09.456+08:00 level=INFO msg="DealStocksPointsByCode finished" code=sh.600576
time=2025-06-07T16:47:09.457+08:00 level=INFO msg="DealStocksSectionsByCode finished" code=sh.600576
time=2025-06-07T16:47:09.461+08:00 level=INFO msg="DealStocksPointsByCode finished" code=sh.600839
time=2025-06-07T16:47:09.462+08:00 level=INFO msg="DealStocksSectionsByCode finished" code=sh.600839
time=2025-06-07T16:47:09.464+08:00 level=INFO msg="DealStocksPointsByCode finished" code=sh.600917
time=2025-06-07T16:47:09.464+08:00 level=INFO msg="DealStocksSectionsByCode finished" code=sh.600917
time=2025-06-07T16:47:09.496+08:00 level=INFO msg="DealStocksPointsByCode finished" code=sh.603939
time=2025-06-07T16:47:09.496+08:00 level=INFO msg="DealStocksSectionsByCode finished" code=sh.603939
time=2025-06-07T16:47:09.501+08:00 level=INFO msg="DealStocksPointsByCode finished" code=sz.000001
time=2025-06-07T16:47:09.501+08:00 level=INFO msg="DealStocksSectionsByCode finished" code=sz.000001
time=2025-06-07T16:47:09.505+08:00 level=INFO msg="DealStocksPointsByCode finished" code=sz.002439
time=2025-06-07T16:47:09.505+08:00 level=INFO msg="DealStocksSectionsByCode finished" code=sz.002439
time=2025-06-07T16:47:09.510+08:00 level=INFO msg="DealStocksPointsByCode finished" code=sz.002873
time=2025-06-07T16:47:09.510+08:00 level=INFO msg="DealStocksSectionsByCode finished" code=sz.002873
time=2025-06-07T16:47:09.514+08:00 level=INFO msg="DealStocksPointsByCode finished" code=sh.603690
time=2025-06-07T16:47:09.514+08:00 level=INFO msg="DealStocksSectionsByCode finished" code=sh.603690
time=2025-06-07T16:47:09.518+08:00 level=INFO msg="PaintStockKline finished"
time=2025-06-07T16:47:09.525+08:00 level=INFO msg="DealStocksPointsByCode finished" code=sh.603822
time=2025-06-07T16:47:09.525+08:00 level=INFO msg="DealStocksSectionsByCode finished" code=sh.603822
time=2025-06-07T16:47:09.532+08:00 level=INFO msg="DealStocksPointsByCode finished" code=sz.000778
time=2025-06-07T16:47:09.532+08:00 level=INFO msg="DealStocksSectionsByCode finished" code=sz.000778
time=2025-06-07T16:47:09.536+08:00 level=INFO msg="DealStocksPointsByCode finished" code=sz.000952
time=2025-06-07T16:47:09.537+08:00 level=INFO msg="DealStocksSectionsByCode finished" code=sz.000952
time=2025-06-07T16:47:09.540+08:00 level=INFO msg="DealStocksPointsByCode finished" code=sz.002138
time=2025-06-07T16:47:09.540+08:00 level=INFO msg="DealStocksSectionsByCode finished" code=sz.002138
time=2025-06-07T16:47:09.543+08:00 level=INFO msg="DealStocksPointsByCode finished" code=sz.002939
time=2025-06-07T16:47:09.544+08:00 level=INFO msg="DealStocksSectionsByCode finished" code=sz.002939
time=2025-06-07T16:47:09.547+08:00 level=INFO msg="DealStocksPointsByCode finished" code=sh.600272
time=2025-06-07T16:47:09.547+08:00 level=INFO msg="DealStocksSectionsByCode finished" code=sh.600272
time=2025-06-07T16:47:09.552+08:00 level=INFO msg="DealStocksPointsByCode finished" code=sh.603010
time=2025-06-07T16:47:09.552+08:00 level=INFO msg="DealStocksSectionsByCode finished" code=sh.603010
time=2025-06-07T16:47:09.554+08:00 level=INFO msg="DealStocksPointsByCode finished" code=sh.603367
time=2025-06-07T16:47:09.554+08:00 level=INFO msg="DealStocksSectionsByCode finished" code=sh.603367
time=2025-06-07T16:47:09.567+08:00 level=INFO msg="DealStocksPointsByCode finished" code=sz.002078
time=2025-06-07T16:47:09.567+08:00 level=INFO msg="DealStocksSectionsByCode finished" code=sz.002078
time=2025-06-07T16:47:09.570+08:00 level=INFO msg="DealStocksPointsByCode finished" code=sz.002319
time=2025-06-07T16:47:09.570+08:00 level=INFO msg="DealStocksSectionsByCode finished" code=sz.002319
time=2025-06-07T16:47:09.573+08:00 level=INFO msg="DealStocksPointsByCode finished" code=sz.002560
time=2025-06-07T16:47:09.574+08:00 level=INFO msg="DealStocksSectionsByCode finished" code=sz.002560
time=2025-06-07T16:47:09.579+08:00 level=INFO msg="DealStocksPointsByCode finished" code=sz.002259
time=2025-06-07T16:47:09.579+08:00 level=INFO msg="DealStocksSectionsByCode finished" code=sz.002259
time=2025-06-07T16:47:09.582+08:00 level=INFO msg="DealStocksPointsByCode finished" code=sz.002499
time=2025-06-07T16:47:09.582+08:00 level=INFO msg="DealStocksSectionsByCode finished" code=sz.002499
time=2025-06-07T16:47:09.590+08:00 level=INFO msg="DealStocksPointsByCode finished" code=sh.600418
time=2025-06-07T16:47:09.591+08:00 level=INFO msg="DealStocksSectionsByCode finished" code=sh.600418
time=2025-06-07T16:47:09.598+08:00 level=INFO msg="DealStocksPointsByCode finished" code=sh.600773
time=2025-06-07T16:47:09.598+08:00 level=INFO msg="DealStocksSectionsByCode finished" code=sh.600773
time=2025-06-07T16:47:09.603+08:00 level=INFO msg="DealStocksPointsByCode finished" code=sh.601021
time=2025-06-07T16:47:09.603+08:00 level=INFO msg="DealStocksSectionsByCode finished" code=sh.601021
time=2025-06-07T16:47:09.620+08:00 level=INFO msg="DealStocksPointsByCode finished" code=sz.000100
time=2025-06-07T16:47:09.620+08:00 level=INFO msg="DealStocksSectionsByCode finished" code=sz.000100
time=2025-06-07T16:47:09.625+08:00 level=INFO msg="DealStocksPointsByCode finished" code=sz.000603
time=2025-06-07T16:47:09.625+08:00 level=INFO msg="DealStocksSectionsByCode finished" code=sz.000603
time=2025-06-07T16:47:09.628+08:00 level=INFO msg="DealStocksPointsByCode finished" code=sz.000868
time=2025-06-07T16:47:09.628+08:00 level=INFO msg="DealStocksSectionsByCode finished" code=sz.000868
time=2025-06-07T16:47:09.631+08:00 level=INFO msg="DealStocksPointsByCode finished" code=sh.601800
time=2025-06-07T16:47:09.632+08:00 level=INFO msg="DealStocksSectionsByCode finished" code=sh.601800
time=2025-06-07T16:47:09.635+08:00 level=INFO msg="DealStocksPointsByCode finished" code=sh.603585
time=2025-06-07T16:47:09.635+08:00 level=INFO msg="DealStocksSectionsByCode finished" code=sh.603585
time=2025-06-07T16:47:09.638+08:00 level=INFO msg="DealStocksPointsByCode finished" code=sz.000687
time=2025-06-07T16:47:09.638+08:00 level=INFO msg="DealStocksSectionsByCode finished" code=sz.000687
time=2025-06-07T16:47:09.642+08:00 level=INFO msg="DealStocksPointsByCode finished" code=sz.002198
time=2025-06-07T16:47:09.642+08:00 level=INFO msg="DealStocksSectionsByCode finished" code=sz.002198
time=2025-06-07T16:47:09.646+08:00 level=INFO msg="DealStocksPointsByCode finished" code=sh.600131
time=2025-06-07T16:47:09.646+08:00 level=INFO msg="DealStocksSectionsByCode finished" code=sh.600131
time=2025-06-07T16:47:09.648+08:00 level=INFO msg="DealStocksPointsByCode finished" code=sz.002809
time=2025-06-07T16:47:09.648+08:00 level=INFO msg="DealStocksSectionsByCode finished" code=sz.002809
time=2025-06-07T16:47:09.652+08:00 level=INFO msg="DealStocksPointsByCode finished" code=sh.600067
time=2025-06-07T16:47:09.652+08:00 level=INFO msg="DealStocksSectionsByCode finished" code=sh.600067
time=2025-06-07T16:47:09.656+08:00 level=INFO msg="DealStocksPointsByCode finished" code=sh.600506
time=2025-06-07T16:47:09.656+08:00 level=INFO msg="DealStocksSectionsByCode finished" code=sh.600506
time=2025-06-07T16:47:09.658+08:00 level=INFO msg="DealStocksPointsByCode finished" code=sh.603232
time=2025-06-07T16:47:09.658+08:00 level=INFO msg="DealStocksSectionsByCode finished" code=sh.603232
time=2025-06-07T16:47:09.661+08:00 level=INFO msg="DealStocksPointsByCode finished" code=sz.000526
time=2025-06-07T16:47:09.661+08:00 level=INFO msg="DealStocksSectionsByCode finished" code=sz.000526
time=2025-06-07T16:47:09.667+08:00 level=INFO msg="DealStocksPointsByCode finished" code=sz.002018
time=2025-06-07T16:47:09.668+08:00 level=INFO msg="DealStocksSectionsByCode finished" code=sz.002018
time=2025-06-07T16:47:09.673+08:00 level=INFO msg="DealStocksPointsByCode finished" code=sz.002680
time=2025-06-07T16:47:09.673+08:00 level=INFO msg="DealStocksSectionsByCode finished" code=sz.002680
time=2025-06-07T16:47:09.673+08:00 level=INFO msg="Stocks loaded" size=48
time=2025-06-07T16:47:09.673+08:00 level=INFO msg="cost time" elapsed=277.673653ms
time=2025-06-07T16:53:37.540+08:00 level=INFO msg="stock list size" size=2848
time=2025-06-07T16:53:37.541+08:00 level=INFO msg="Stock data loading started"
time=2025-06-07T16:53:37.546+08:00 level=INFO msg="DealStocksPointsByCode finished" code=sz.000001
time=2025-06-07T16:53:37.546+08:00 level=INFO msg="DealStocksSectionsByCode finished" code=sz.000001
time=2025-06-07T16:53:37.546+08:00 level=INFO msg="Stocks loaded" size=1
time=2025-06-07T16:53:37.546+08:00 level=INFO msg="cost time" elapsed=10.674242ms
time=2025-06-07T16:53:37.557+08:00 level=INFO msg="DealStocksPointsByCode finished" code=sz.002499
time=2025-06-07T16:53:37.557+08:00 level=INFO msg="DealStocksSectionsByCode finished" code=sz.002499
time=2025-06-07T16:53:37.569+08:00 level=INFO msg="DealStocksPointsByCode finished" code=sh.600067
time=2025-06-07T16:53:37.569+08:00 level=INFO msg="DealStocksSectionsByCode finished" code=sh.600067
time=2025-06-07T16:53:37.585+08:00 level=INFO msg="DealStocksPointsByCode finished" code=sh.600576
time=2025-06-07T16:53:37.585+08:00 level=INFO msg="DealStocksSectionsByCode finished" code=sh.600576
time=2025-06-07T16:53:37.590+08:00 level=INFO msg="DealStocksPointsByCode finished" code=sh.600710
time=2025-06-07T16:53:37.590+08:00 level=INFO msg="DealStocksSectionsByCode finished" code=sh.600710
time=2025-06-07T16:53:37.595+08:00 level=INFO msg="DealStocksPointsByCode finished" code=sz.000001
time=2025-06-07T16:53:37.595+08:00 level=INFO msg="DealStocksSectionsByCode finished" code=sz.000001
time=2025-06-07T16:53:37.602+08:00 level=INFO msg="DealStocksPointsByCode finished" code=sz.000526
time=2025-06-07T16:53:37.602+08:00 level=INFO msg="DealStocksSectionsByCode finished" code=sz.000526
time=2025-06-07T16:53:37.605+08:00 level=INFO msg="DealStocksPointsByCode finished" code=sz.000868
time=2025-06-07T16:53:37.605+08:00 level=INFO msg="DealStocksSectionsByCode finished" code=sz.000868
time=2025-06-07T16:53:37.608+08:00 level=INFO msg="DealStocksPointsByCode finished" code=sz.002259
time=2025-06-07T16:53:37.608+08:00 level=INFO msg="DealStocksSectionsByCode finished" code=sz.002259
time=2025-06-07T16:53:37.615+08:00 level=INFO msg="DealStocksPointsByCode finished" code=sh.600917
time=2025-06-07T16:53:37.616+08:00 level=INFO msg="DealStocksSectionsByCode finished" code=sh.600917
time=2025-06-07T16:53:37.619+08:00 level=INFO msg="DealStocksPointsByCode finished" code=sh.601021
time=2025-06-07T16:53:37.619+08:00 level=INFO msg="DealStocksSectionsByCode finished" code=sh.601021
time=2025-06-07T16:53:37.623+08:00 level=INFO msg="DealStocksPointsByCode finished" code=sh.601326
time=2025-06-07T16:53:37.623+08:00 level=INFO msg="DealStocksSectionsByCode finished" code=sh.601326
time=2025-06-07T16:53:37.626+08:00 level=INFO msg="DealStocksPointsByCode finished" code=sh.603367
time=2025-06-07T16:53:37.626+08:00 level=INFO msg="DealStocksSectionsByCode finished" code=sh.603367
time=2025-06-07T16:53:37.629+08:00 level=INFO msg="DealStocksPointsByCode finished" code=sz.002680
time=2025-06-07T16:53:37.630+08:00 level=INFO msg="DealStocksSectionsByCode finished" code=sz.002680
time=2025-06-07T16:53:37.635+08:00 level=INFO msg="DealStocksPointsByCode finished" code=sz.002743
time=2025-06-07T16:53:37.635+08:00 level=INFO msg="DealStocksSectionsByCode finished" code=sz.002743
time=2025-06-07T16:53:37.640+08:00 level=INFO msg="DealStocksPointsByCode finished" code=sz.002873
time=2025-06-07T16:53:37.640+08:00 level=INFO msg="DealStocksSectionsByCode finished" code=sz.002873
time=2025-06-07T16:53:37.646+08:00 level=INFO msg="DealStocksPointsByCode finished" code=sh.600201
time=2025-06-07T16:53:37.646+08:00 level=INFO msg="DealStocksSectionsByCode finished" code=sh.600201
time=2025-06-07T16:53:37.650+08:00 level=INFO msg="DealStocksPointsByCode finished" code=sz.000100
time=2025-06-07T16:53:37.650+08:00 level=INFO msg="DealStocksSectionsByCode finished" code=sz.000100
time=2025-06-07T16:53:37.655+08:00 level=INFO msg="DealStocksPointsByCode finished" code=sz.000603
time=2025-06-07T16:53:37.655+08:00 level=INFO msg="DealStocksSectionsByCode finished" code=sz.000603
time=2025-06-07T16:53:37.660+08:00 level=INFO msg="DealStocksPointsByCode finished" code=sz.002138
time=2025-06-07T16:53:37.660+08:00 level=INFO msg="DealStocksSectionsByCode finished" code=sz.002138
time=2025-06-07T16:53:37.671+08:00 level=INFO msg="PaintStockKline finished"
time=2025-06-07T16:53:37.672+08:00 level=INFO msg="DealStocksPointsByCode finished" code=sz.002439
time=2025-06-07T16:53:37.672+08:00 level=INFO msg="DealStocksSectionsByCode finished" code=sz.002439
time=2025-06-07T16:53:37.676+08:00 level=INFO msg="DealStocksPointsByCode finished" code=sh.600642
time=2025-06-07T16:53:37.676+08:00 level=INFO msg="DealStocksSectionsByCode finished" code=sh.600642
time=2025-06-07T16:53:37.679+08:00 level=INFO msg="DealStocksPointsByCode finished" code=sh.601800
time=2025-06-07T16:53:37.679+08:00 level=INFO msg="DealStocksSectionsByCode finished" code=sh.601800
time=2025-06-07T16:53:37.682+08:00 level=INFO msg="DealStocksPointsByCode finished" code=sh.603939
time=2025-06-07T16:53:37.682+08:00 level=INFO msg="DealStocksSectionsByCode finished" code=sh.603939
time=2025-06-07T16:53:37.686+08:00 level=INFO msg="DealStocksPointsByCode finished" code=sz.002560
time=2025-06-07T16:53:37.686+08:00 level=INFO msg="DealStocksSectionsByCode finished" code=sz.002560
time=2025-06-07T16:53:37.689+08:00 level=INFO msg="DealStocksPointsByCode finished" code=sz.002939
time=2025-06-07T16:53:37.689+08:00 level=INFO msg="DealStocksSectionsByCode finished" code=sz.002939
time=2025-06-07T16:53:37.693+08:00 level=INFO msg="DealStocksPointsByCode finished" code=sh.600506
time=2025-06-07T16:53:37.693+08:00 level=INFO msg="DealStocksSectionsByCode finished" code=sh.600506
time=2025-06-07T16:53:37.696+08:00 level=INFO msg="DealStocksPointsByCode finished" code=sh.603822
time=2025-06-07T16:53:37.696+08:00 level=INFO msg="DealStocksSectionsByCode finished" code=sh.603822
time=2025-06-07T16:53:37.705+08:00 level=INFO msg="DealStocksPointsByCode finished" code=sz.002319
time=2025-06-07T16:53:37.705+08:00 level=INFO msg="DealStocksSectionsByCode finished" code=sz.002319
time=2025-06-07T16:53:37.710+08:00 level=INFO msg="DealStocksPointsByCode finished" code=sz.002379
time=2025-06-07T16:53:37.710+08:00 level=INFO msg="DealStocksSectionsByCode finished" code=sz.002379
time=2025-06-07T16:53:37.713+08:00 level=INFO msg="DealStocksPointsByCode finished" code=sh.600272
time=2025-06-07T16:53:37.713+08:00 level=INFO msg="DealStocksSectionsByCode finished" code=sh.600272
time=2025-06-07T16:53:37.715+08:00 level=INFO msg="DealStocksPointsByCode finished" code=sh.603105
time=2025-06-07T16:53:37.716+08:00 level=INFO msg="DealStocksSectionsByCode finished" code=sh.603105
time=2025-06-07T16:53:37.721+08:00 level=INFO msg="DealStocksPointsByCode finished" code=sz.000687
time=2025-06-07T16:53:37.721+08:00 level=INFO msg="DealStocksSectionsByCode finished" code=sz.000687
time=2025-06-07T16:53:37.725+08:00 level=INFO msg="DealStocksPointsByCode finished" code=sz.000952
time=2025-06-07T16:53:37.725+08:00 level=INFO msg="DealStocksSectionsByCode finished" code=sz.000952
time=2025-06-07T16:53:37.728+08:00 level=INFO msg="DealStocksPointsByCode finished" code=sz.002809
time=2025-06-07T16:53:37.728+08:00 level=INFO msg="DealStocksSectionsByCode finished" code=sz.002809
time=2025-06-07T16:53:37.732+08:00 level=INFO msg="DealStocksPointsByCode finished" code=sh.600418
time=2025-06-07T16:53:37.732+08:00 level=INFO msg="DealStocksSectionsByCode finished" code=sh.600418
time=2025-06-07T16:53:37.738+08:00 level=INFO msg="DealStocksPointsByCode finished" code=sh.600131
time=2025-06-07T16:53:37.738+08:00 level=INFO msg="DealStocksSectionsByCode finished" code=sh.600131
time=2025-06-07T16:53:37.743+08:00 level=INFO msg="DealStocksPointsByCode finished" code=sh.600773
time=2025-06-07T16:53:37.743+08:00 level=INFO msg="DealStocksSectionsByCode finished" code=sh.600773
time=2025-06-07T16:53:37.752+08:00 level=INFO msg="DealStocksPointsByCode finished" code=sh.603232
time=2025-06-07T16:53:37.752+08:00 level=INFO msg="DealStocksSectionsByCode finished" code=sh.603232
time=2025-06-07T16:53:37.762+08:00 level=INFO msg="DealStocksPointsByCode finished" code=sh.603010
time=2025-06-07T16:53:37.762+08:00 level=INFO msg="DealStocksSectionsByCode finished" code=sh.603010
time=2025-06-07T16:53:37.764+08:00 level=INFO msg="DealStocksPointsByCode finished" code=sh.603585
time=2025-06-07T16:53:37.764+08:00 level=INFO msg="DealStocksSectionsByCode finished" code=sh.603585
time=2025-06-07T16:53:37.766+08:00 level=INFO msg="DealStocksPointsByCode finished" code=sh.603690
time=2025-06-07T16:53:37.766+08:00 level=INFO msg="DealStocksSectionsByCode finished" code=sh.603690
time=2025-06-07T16:53:37.772+08:00 level=INFO msg="DealStocksPointsByCode finished" code=sz.002078
time=2025-06-07T16:53:37.773+08:00 level=INFO msg="DealStocksSectionsByCode finished" code=sz.002078
time=2025-06-07T16:53:37.778+08:00 level=INFO msg="DealStocksPointsByCode finished" code=sz.002620
time=2025-06-07T16:53:37.778+08:00 level=INFO msg="DealStocksSectionsByCode finished" code=sz.002620
time=2025-06-07T16:53:37.783+08:00 level=INFO msg="DealStocksPointsByCode finished" code=sh.600340
time=2025-06-07T16:53:37.783+08:00 level=INFO msg="DealStocksSectionsByCode finished" code=sh.600340
time=2025-06-07T16:53:37.787+08:00 level=INFO msg="DealStocksPointsByCode finished" code=sh.600839
time=2025-06-07T16:53:37.787+08:00 level=INFO msg="DealStocksSectionsByCode finished" code=sh.600839
time=2025-06-07T16:53:37.790+08:00 level=INFO msg="DealStocksPointsByCode finished" code=sz.000778
time=2025-06-07T16:53:37.790+08:00 level=INFO msg="DealStocksSectionsByCode finished" code=sz.000778
time=2025-06-07T16:53:37.792+08:00 level=INFO msg="DealStocksPointsByCode finished" code=sz.002018
time=2025-06-07T16:53:37.792+08:00 level=INFO msg="DealStocksSectionsByCode finished" code=sz.002018
time=2025-06-07T16:53:37.795+08:00 level=INFO msg="DealStocksPointsByCode finished" code=sz.002198
time=2025-06-07T16:53:37.795+08:00 level=INFO msg="DealStocksSectionsByCode finished" code=sz.002198
time=2025-06-07T16:53:37.795+08:00 level=INFO msg="Stocks loaded" size=48
time=2025-06-07T16:53:37.795+08:00 level=INFO msg="cost time" elapsed=254.563894ms
time=2025-06-07T16:53:46.788+08:00 level=INFO msg="stock list size" size=2848
time=2025-06-07T16:53:46.788+08:00 level=INFO msg="Stock data loading started"
time=2025-06-07T16:53:46.790+08:00 level=INFO msg="DealStocksPointsByCode finished" code=sz.000001
time=2025-06-07T16:53:46.790+08:00 level=INFO msg="DealStocksSectionsByCode finished" code=sz.000001
time=2025-06-07T16:53:46.790+08:00 level=INFO msg="Stocks loaded" size=1
time=2025-06-07T16:53:46.790+08:00 level=INFO msg="cost time" elapsed=6.694066ms
time=2025-06-07T16:53:46.809+08:00 level=INFO msg="DealStocksPointsByCode finished" code=sz.002379
time=2025-06-07T16:53:46.809+08:00 level=INFO msg="DealStocksSectionsByCode finished" code=sz.002379
time=2025-06-07T16:53:46.826+08:00 level=INFO msg="DealStocksPointsByCode finished" code=sz.002439
time=2025-06-07T16:53:46.826+08:00 level=INFO msg="DealStocksSectionsByCode finished" code=sz.002439
time=2025-06-07T16:53:46.834+08:00 level=INFO msg="DealStocksPointsByCode finished" code=sh.600710
time=2025-06-07T16:53:46.834+08:00 level=INFO msg="DealStocksSectionsByCode finished" code=sh.600710
time=2025-06-07T16:53:46.855+08:00 level=INFO msg="DealStocksPointsByCode finished" code=sz.000100
time=2025-06-07T16:53:46.855+08:00 level=INFO msg="DealStocksSectionsByCode finished" code=sz.000100
time=2025-06-07T16:53:46.858+08:00 level=INFO msg="DealStocksPointsByCode finished" code=sz.002018
time=2025-06-07T16:53:46.858+08:00 level=INFO msg="DealStocksSectionsByCode finished" code=sz.002018
time=2025-06-07T16:53:46.866+08:00 level=INFO msg="DealStocksPointsByCode finished" code=sz.002198
time=2025-06-07T16:53:46.867+08:00 level=INFO msg="DealStocksSectionsByCode finished" code=sz.002198
time=2025-06-07T16:53:46.885+08:00 level=INFO msg="DealStocksPointsByCode finished" code=sz.002809
time=2025-06-07T16:53:46.885+08:00 level=INFO msg="DealStocksSectionsByCode finished" code=sz.002809
time=2025-06-07T16:53:46.889+08:00 level=INFO msg="DealStocksPointsByCode finished" code=sz.000687
time=2025-06-07T16:53:46.889+08:00 level=INFO msg="DealStocksSectionsByCode finished" code=sz.000687
time=2025-06-07T16:53:46.896+08:00 level=INFO msg="DealStocksPointsByCode finished" code=sz.000868
time=2025-06-07T16:53:46.896+08:00 level=INFO msg="DealStocksSectionsByCode finished" code=sz.000868
time=2025-06-07T16:53:46.905+08:00 level=INFO msg="DealStocksPointsByCode finished" code=sz.002078
time=2025-06-07T16:53:46.905+08:00 level=INFO msg="DealStocksSectionsByCode finished" code=sz.002078
time=2025-06-07T16:53:46.908+08:00 level=INFO msg="DealStocksPointsByCode finished" code=sh.603690
time=2025-06-07T16:53:46.908+08:00 level=INFO msg="DealStocksSectionsByCode finished" code=sh.603690
time=2025-06-07T16:53:46.916+08:00 level=INFO msg="DealStocksPointsByCode finished" code=sz.002939
time=2025-06-07T16:53:46.916+08:00 level=INFO msg="DealStocksSectionsByCode finished" code=sz.002939
time=2025-06-07T16:53:46.923+08:00 level=INFO msg="DealStocksPointsByCode finished" code=sh.601800
time=2025-06-07T16:53:46.926+08:00 level=INFO msg="DealStocksSectionsByCode finished" code=sh.601800
time=2025-06-07T16:53:46.930+08:00 level=INFO msg="DealStocksPointsByCode finished" code=sh.603585
time=2025-06-07T16:53:46.932+08:00 level=INFO msg="DealStocksSectionsByCode finished" code=sh.603585
time=2025-06-07T16:53:46.939+08:00 level=INFO msg="DealStocksPointsByCode finished" code=sz.002743
time=2025-06-07T16:53:46.939+08:00 level=INFO msg="DealStocksSectionsByCode finished" code=sz.002743
time=2025-06-07T16:53:46.946+08:00 level=INFO msg="DealStocksPointsByCode finished" code=sz.002873
time=2025-06-07T16:53:46.946+08:00 level=INFO msg="DealStocksSectionsByCode finished" code=sz.002873
time=2025-06-07T16:53:46.958+08:00 level=INFO msg="DealStocksPointsByCode finished" code=sh.600067
time=2025-06-07T16:53:46.958+08:00 level=INFO msg="DealStocksSectionsByCode finished" code=sh.600067
time=2025-06-07T16:53:46.971+08:00 level=INFO msg="PaintStockKline finished"
time=2025-06-07T16:53:46.973+08:00 level=INFO msg="DealStocksPointsByCode finished" code=sh.600272
time=2025-06-07T16:53:46.973+08:00 level=INFO msg="DealStocksSectionsByCode finished" code=sh.600272
time=2025-06-07T16:53:46.977+08:00 level=INFO msg="DealStocksPointsByCode finished" code=sh.600418
time=2025-06-07T16:53:46.977+08:00 level=INFO msg="DealStocksSectionsByCode finished" code=sh.600418
time=2025-06-07T16:53:46.981+08:00 level=INFO msg="DealStocksPointsByCode finished" code=sz.000603
time=2025-06-07T16:53:46.981+08:00 level=INFO msg="DealStocksSectionsByCode finished" code=sz.000603
time=2025-06-07T16:53:46.984+08:00 level=INFO msg="DealStocksPointsByCode finished" code=sz.002259
time=2025-06-07T16:53:46.984+08:00 level=INFO msg="DealStocksSectionsByCode finished" code=sz.002259
time=2025-06-07T16:53:46.988+08:00 level=INFO msg="DealStocksPointsByCode finished" code=sz.002560
time=2025-06-07T16:53:46.988+08:00 level=INFO msg="DealStocksSectionsByCode finished" code=sz.002560
time=2025-06-07T16:53:46.992+08:00 level=INFO msg="DealStocksPointsByCode finished" code=sh.600131
time=2025-06-07T16:53:46.992+08:00 level=INFO msg="DealStocksSectionsByCode finished" code=sh.600131
time=2025-06-07T16:53:46.997+08:00 level=INFO msg="DealStocksPointsByCode finished" code=sh.600201
time=2025-06-07T16:53:46.998+08:00 level=INFO msg="DealStocksSectionsByCode finished" code=sh.600201
time=2025-06-07T16:53:47.011+08:00 level=INFO msg="DealStocksPointsByCode finished" code=sh.601021
time=2025-06-07T16:53:47.011+08:00 level=INFO msg="DealStocksSectionsByCode finished" code=sh.601021
time=2025-06-07T16:53:47.015+08:00 level=INFO msg="DealStocksPointsByCode finished" code=sz.000952
time=2025-06-07T16:53:47.015+08:00 level=INFO msg="DealStocksSectionsByCode finished" code=sz.000952
time=2025-06-07T16:53:47.017+08:00 level=INFO msg="DealStocksPointsByCode finished" code=sz.002499
time=2025-06-07T16:53:47.018+08:00 level=INFO msg="DealStocksSectionsByCode finished" code=sz.002499
time=2025-06-07T16:53:47.021+08:00 level=INFO msg="DealStocksPointsByCode finished" code=sz.002680
time=2025-06-07T16:53:47.021+08:00 level=INFO msg="DealStocksSectionsByCode finished" code=sz.002680
time=2025-06-07T16:53:47.024+08:00 level=INFO msg="DealStocksPointsByCode finished" code=sh.600773
time=2025-06-07T16:53:47.025+08:00 level=INFO msg="DealStocksSectionsByCode finished" code=sh.600773
time=2025-06-07T16:53:47.027+08:00 level=INFO msg="DealStocksPointsByCode finished" code=sh.601326
time=2025-06-07T16:53:47.027+08:00 level=INFO msg="DealStocksSectionsByCode finished" code=sh.601326
time=2025-06-07T16:53:47.031+08:00 level=INFO msg="DealStocksPointsByCode finished" code=sh.603010
time=2025-06-07T16:53:47.031+08:00 level=INFO msg="DealStocksSectionsByCode finished" code=sh.603010
time=2025-06-07T16:53:47.035+08:00 level=INFO msg="DealStocksPointsByCode finished" code=sh.603232
time=2025-06-07T16:53:47.035+08:00 level=INFO msg="DealStocksSectionsByCode finished" code=sh.603232
time=2025-06-07T16:53:47.040+08:00 level=INFO msg="DealStocksPointsByCode finished" code=sz.002620
time=2025-06-07T16:53:47.040+08:00 level=INFO msg="DealStocksSectionsByCode finished" code=sz.002620
time=2025-06-07T16:53:47.044+08:00 level=INFO msg="DealStocksPointsByCode finished" code=sh.600340
time=2025-06-07T16:53:47.044+08:00 level=INFO msg="DealStocksSectionsByCode finished" code=sh.600340
time=2025-06-07T16:53:47.081+08:00 level=INFO msg="DealStocksPointsByCode finished" code=sh.600506
time=2025-06-07T16:53:47.081+08:00 level=INFO msg="DealStocksSectionsByCode finished" code=sh.600506
time=2025-06-07T16:53:47.084+08:00 level=INFO msg="DealStocksPointsByCode finished" code=sh.600642
time=2025-06-07T16:53:47.084+08:00 level=INFO msg="DealStocksSectionsByCode finished" code=sh.600642
time=2025-06-07T16:53:47.088+08:00 level=INFO msg="DealStocksPointsByCode finished" code=sh.600839
time=2025-06-07T16:53:47.088+08:00 level=INFO msg="DealStocksSectionsByCode finished" code=sh.600839
time=2025-06-07T16:53:47.091+08:00 level=INFO msg="DealStocksPointsByCode finished" code=sh.600917
time=2025-06-07T16:53:47.091+08:00 level=INFO msg="DealStocksSectionsByCode finished" code=sh.600917
time=2025-06-07T16:53:47.094+08:00 level=INFO msg="DealStocksPointsByCode finished" code=sh.603939
time=2025-06-07T16:53:47.094+08:00 level=INFO msg="DealStocksSectionsByCode finished" code=sh.603939
time=2025-06-07T16:53:47.098+08:00 level=INFO msg="DealStocksPointsByCode finished" code=sz.000526
time=2025-06-07T16:53:47.098+08:00 level=INFO msg="DealStocksSectionsByCode finished" code=sz.000526
time=2025-06-07T16:53:47.103+08:00 level=INFO msg="DealStocksPointsByCode finished" code=sz.000778
time=2025-06-07T16:53:47.104+08:00 level=INFO msg="DealStocksSectionsByCode finished" code=sz.000778
time=2025-06-07T16:53:47.108+08:00 level=INFO msg="DealStocksPointsByCode finished" code=sz.002319
time=2025-06-07T16:53:47.108+08:00 level=INFO msg="DealStocksSectionsByCode finished" code=sz.002319
time=2025-06-07T16:53:47.111+08:00 level=INFO msg="DealStocksPointsByCode finished" code=sh.603105
time=2025-06-07T16:53:47.111+08:00 level=INFO msg="DealStocksSectionsByCode finished" code=sh.603105
time=2025-06-07T16:53:47.113+08:00 level=INFO msg="DealStocksPointsByCode finished" code=sh.603367
time=2025-06-07T16:53:47.113+08:00 level=INFO msg="DealStocksSectionsByCode finished" code=sh.603367
time=2025-06-07T16:53:47.115+08:00 level=INFO msg="DealStocksPointsByCode finished" code=sh.603822
time=2025-06-07T16:53:47.115+08:00 level=INFO msg="DealStocksSectionsByCode finished" code=sh.603822
time=2025-06-07T16:53:47.123+08:00 level=INFO msg="DealStocksPointsByCode finished" code=sz.000001
time=2025-06-07T16:53:47.123+08:00 level=INFO msg="DealStocksSectionsByCode finished" code=sz.000001
time=2025-06-07T16:53:47.135+08:00 level=INFO msg="DealStocksPointsByCode finished" code=sz.002138
time=2025-06-07T16:53:47.135+08:00 level=INFO msg="DealStocksSectionsByCode finished" code=sz.002138
time=2025-06-07T16:53:47.140+08:00 level=INFO msg="DealStocksPointsByCode finished" code=sh.600576
time=2025-06-07T16:53:47.140+08:00 level=INFO msg="DealStocksSectionsByCode finished" code=sh.600576
time=2025-06-07T16:53:47.141+08:00 level=INFO msg="Stocks loaded" size=48
time=2025-06-07T16:53:47.141+08:00 level=INFO msg="cost time" elapsed=352.648164ms
